<?xml version="1.0" encoding="UTF-8"?>
<!-- Generated by org.testng.reporters.JUnitReportReporter -->
<testsuite skipped="0" hostname="DESKTOP-43OTTAV" name="crossBrowsingRequiredClasses.validateElements" tests="2" failures="0" timestamp="2022-01-16T08:38:32 EST" time="8.774" errors="0">
  <testcase name="Elementdisplayed" time="4.481" classname="crossBrowsingRequiredClasses.validateElements"/>
  <system-out/>
  <testcase name="ElementsEnabled" time="4.293" classname="crossBrowsingRequiredClasses.validateElements"/>
  <system-out>
    <![CDATA[End to End Testing Scneario Passed Successfully!]]>
  </system-out>
</testsuite> <!-- crossBrowsingRequiredClasses.validateElements -->
