<?xml version="1.0" encoding="UTF-8"?>
<!-- Generated by org.testng.reporters.JUnitReportReporter -->
<testsuite skipped="0" hostname="DESKTOP-2QPEL12" name="TestScripts.validateElements" tests="2" failures="0" timestamp="15 Jan 2022 18:13:39 GMT" time="9.131" errors="0">
  <testcase name="Elementdisplayed" time="4.688" classname="TestScripts.validateElements"/>
  <testcase name="ElementsEnabled" time="4.443" classname="TestScripts.validateElements"/>
</testsuite> <!-- TestScripts.validateElements -->
