<?xml version="1.0" encoding="UTF-8"?>
<!-- Generated by org.testng.reporters.JUnitReportReporter -->
<testsuite skipped="0" hostname="DESKTOP-43OTTAV" name="TestScripts.validateEndtoEndProductBuyTSP" tests="1" failures="0" timestamp="2022-01-15T05:38:36 EST" time="3.814" errors="0">
  <testcase name="EndtoEndTesting" time="3.814" classname="TestScripts.validateEndtoEndProductBuyTSP"/>
  <system-out/>
</testsuite> <!-- TestScripts.validateEndtoEndProductBuyTSP -->
