<?xml version="1.0" encoding="UTF-8"?>
<!-- Generated by org.testng.reporters.JUnitReportReporter -->
<testsuite skipped="0" hostname="DESKTOP-43OTTAV" name="TestScripts.validateEndtoEndProductBuyTSP" tests="1" failures="0" timestamp="2022-01-15T08:38:10 EST" time="3.516" errors="0">
  <testcase name="EndtoEndTesting" time="3.516" classname="TestScripts.validateEndtoEndProductBuyTSP"/>
  <system-out/>
</testsuite> <!-- TestScripts.validateEndtoEndProductBuyTSP -->
