<?xml version="1.0" encoding="UTF-8"?>
<!-- Generated by org.testng.reporters.JUnitReportReporter -->
<testsuite skipped="0" hostname="DESKTOP-43OTTAV" name="TestScripts.sauceValidateEleTSP$validateElements" tests="3" failures="0" timestamp="2022-01-20T11:37:47 EST" time="5.491" errors="0">
  <testcase name="ValidatePositiveLogin" time="2.615" classname="TestScripts.sauceValidateEleTSP$validateElements"/>
  <system-out/>
  <testcase name="ValidatePositiveLogin1" time="2.420" classname="TestScripts.sauceValidateEleTSP$validateElements"/>
  <system-out/>
  <testcase name="ValidateLockeOutLogin" time="0.456" classname="TestScripts.sauceValidateEleTSP$validateElements"/>
  <system-out/>
</testsuite> <!-- TestScripts.sauceValidateEleTSP$validateElements -->
