<?xml version="1.0" encoding="UTF-8"?>
<!-- Generated by org.testng.reporters.JUnitReportReporter -->
<testsuite skipped="0" hostname="DESKTOP-43OTTAV" name="crossBrowsingRequiredClasses.edgeDriverTesting" tests="1" failures="0" timestamp="2022-01-16T08:42:43 EST" time="4.717" errors="0">
  <testcase name="Elementdisplayed" time="4.717" classname="crossBrowsingRequiredClasses.edgeDriverTesting"/>
  <system-out/>
</testsuite> <!-- crossBrowsingRequiredClasses.edgeDriverTesting -->
