<?xml version="1.0" encoding="UTF-8"?>
<!-- Generated by org.testng.reporters.JUnitReportReporter -->
<testsuite skipped="0" hostname="DESKTOP-2QPEL12" name="TestScripts.edgeDriverTesting" tests="1" failures="0" timestamp="16 Jan 2022 12:59:49 GMT" time="4.619" errors="0">
  <testcase name="Elementdisplayed" time="4.619" classname="TestScripts.edgeDriverTesting"/>
</testsuite> <!-- TestScripts.edgeDriverTesting -->
