<?xml version="1.0" encoding="UTF-8"?>
<!-- Generated by org.testng.reporters.JUnitReportReporter -->
<testsuite skipped="0" hostname="DESKTOP-43OTTAV" name="TestScripts.sauceValidateEleTSP$validateElements" tests="3" failures="0" timestamp="2022-01-15T05:35:10 EST" time="5.637" errors="0">
  <testcase name="ValidatePositiveLogin" time="2.652" classname="TestScripts.sauceValidateEleTSP$validateElements"/>
  <system-out/>
  <testcase name="ValidatePositiveLogin1" time="2.455" classname="TestScripts.sauceValidateEleTSP$validateElements"/>
  <system-out/>
  <testcase name="ValidateLockeOutLogin" time="0.530" classname="TestScripts.sauceValidateEleTSP$validateElements"/>
  <system-out/>
</testsuite> <!-- TestScripts.sauceValidateEleTSP$validateElements -->
