<?xml version="1.0" encoding="UTF-8"?>
<!-- Generated by org.testng.reporters.JUnitReportReporter -->
<testsuite skipped="0" hostname="DESKTOP-2QPEL12" name="TestScripts.firefoxDriver" tests="1" failures="0" timestamp="15 Jan 2022 18:32:32 GMT" time="4.935" errors="0">
  <testcase name="Elementdisplayed" time="4.935" classname="TestScripts.firefoxDriver"/>
</testsuite> <!-- TestScripts.firefoxDriver -->
