<?xml version="1.0" encoding="UTF-8"?>
<!-- Generated by org.testng.reporters.JUnitReportReporter -->
<testsuite skipped="0" hostname="DESKTOP-2QPEL12" name="TestScripts.validateEndtoEndProductBuyTSP" tests="1" failures="0" timestamp="15 Jan 2022 10:42:44 GMT" time="4.250" errors="0">
  <testcase name="EndtoEndTesting" time="4.250" classname="TestScripts.validateEndtoEndProductBuyTSP"/>
</testsuite> <!-- TestScripts.validateEndtoEndProductBuyTSP -->
