<?xml version="1.0" encoding="UTF-8"?>
<!-- Generated by org.testng.reporters.JUnitReportReporter -->
<testsuite skipped="0" hostname="DESKTOP-2QPEL12" name="TestScripts.ReporterMassege" tests="2" failures="0" timestamp="15 Jan 2022 16:58:03 GMT" time="9.147" errors="0">
  <testcase name="Elementdisplayed" time="4.793" classname="TestScripts.ReporterMassege"/>
  <testcase name="ElementsEnabled" time="4.354" classname="TestScripts.ReporterMassege"/>
</testsuite> <!-- TestScripts.ReporterMassege -->
