<?xml version="1.0" encoding="UTF-8"?>
<!-- Generated by org.testng.reporters.JUnitReportReporter -->
<testsuite skipped="0" hostname="DESKTOP-2QPEL12" name="TestScripts.validateElements" tests="2" failures="0" timestamp="15 Jan 2022 11:14:33 GMT" time="0.282" errors="0">
  <testcase name="Elementdisplayed" time="0.172" classname="TestScripts.validateElements"/>
  <testcase name="ElementsEnabled" time="0.110" classname="TestScripts.validateElements"/>
</testsuite> <!-- TestScripts.validateElements -->
