<?xml version="1.0" encoding="UTF-8"?>
<!-- Generated by org.testng.reporters.JUnitReportReporter -->
<testsuite skipped="0" hostname="DESKTOP-43OTTAV" name="TestScripts.validateElements" tests="2" failures="0" timestamp="2022-01-15T13:59:10 EST" time="9.336" errors="0">
  <testcase name="Elementdisplayed" time="4.903" classname="TestScripts.validateElements"/>
  <system-out/>
  <testcase name="ElementsEnabled" time="4.433" classname="TestScripts.validateElements"/>
  <system-out>
    <![CDATA[End to End Testing Scneario Passed Successfully!]]>
  </system-out>
</testsuite> <!-- TestScripts.validateElements -->
