<?xml version="1.0" encoding="UTF-8"?>
<!-- Generated by org.testng.reporters.JUnitReportReporter -->
<testsuite skipped="0" hostname="DESKTOP-2QPEL12" name="TestScripts.dependOnMethodeTNG" tests="2" failures="0" timestamp="15 Jan 2022 16:26:54 GMT" time="0.410" errors="0">
  <testcase name="Elementdisplayed" time="0.247" classname="TestScripts.dependOnMethodeTNG"/>
  <testcase name="ElementsEnabled" time="0.163" classname="TestScripts.dependOnMethodeTNG"/>
</testsuite> <!-- TestScripts.dependOnMethodeTNG -->
