<?xml version="1.0" encoding="UTF-8"?>
<!-- Generated by org.testng.reporters.JUnitReportReporter -->
<testsuite skipped="0" hostname="DESKTOP-43OTTAV" name="TestScripts.validateElements" tests="2" failures="0" timestamp="2022-01-15T05:36:27 EST" time="0.442" errors="0">
  <testcase name="Elementdisplayed" time="0.263" classname="TestScripts.validateElements"/>
  <system-out/>
  <testcase name="ElementsEnabled" time="0.179" classname="TestScripts.validateElements"/>
  <system-out/>
</testsuite> <!-- TestScripts.validateElements -->
