<?xml version="1.0" encoding="UTF-8"?>
<!-- Generated by org.testng.reporters.JUnitReportReporter -->
<testsuite skipped="0" hostname="DESKTOP-2QPEL12" name="TestScripts.validateElements" tests="2" failures="0" timestamp="16 Jan 2022 12:26:39 GMT" time="8.985" errors="0">
  <testcase name="Elementdisplayed" time="4.662" classname="TestScripts.validateElements"/>
  <testcase name="ElementsEnabled" time="4.323" classname="TestScripts.validateElements"/>
</testsuite> <!-- TestScripts.validateElements -->
