<?xml version="1.0" encoding="UTF-8"?>
<!-- Generated by org.testng.reporters.JUnitReportReporter -->
<testsuite skipped="0" hostname="DESKTOP-2QPEL12" name="TestScripts.sauceValidateEleTSP$validateElements" tests="3" failures="0" timestamp="15 Jan 2022 11:14:33 GMT" time="5.703" errors="0">
  <testcase name="ValidatePositiveLogin" time="2.744" classname="TestScripts.sauceValidateEleTSP$validateElements"/>
  <testcase name="ValidatePositiveLogin1" time="2.514" classname="TestScripts.sauceValidateEleTSP$validateElements"/>
  <testcase name="ValidateLockeOutLogin" time="0.445" classname="TestScripts.sauceValidateEleTSP$validateElements"/>
</testsuite> <!-- TestScripts.sauceValidateEleTSP$validateElements -->
