<?xml version="1.0" encoding="UTF-8"?>
<!-- Generated by org.testng.reporters.JUnitReportReporter -->
<testsuite skipped="0" hostname="DESKTOP-43OTTAV" name="TestScripts.extendsBaseClassTNG" tests="1" failures="0" timestamp="2022-01-17T11:33:47 EST" time="4.564" errors="0">
  <testcase name="Elementdisplayed" time="4.564" classname="TestScripts.extendsBaseClassTNG"/>
  <system-out/>
</testsuite> <!-- TestScripts.extendsBaseClassTNG -->
