<?xml version="1.0" encoding="UTF-8"?>
<!-- Generated by org.testng.reporters.JUnitReportReporter -->
<testsuite skipped="0" hostname="DESKTOP-2QPEL12" name="TestScripts.validateLoginTestData" tests="4" failures="0" timestamp="15 Jan 2022 16:52:35 GMT" time="7.851" errors="0">
  <testcase name="DataDrivenLoging" time="0.724" classname="TestScripts.validateLoginTestData"/>
  <testcase name="DataDrivenLoging" time="5.720" classname="TestScripts.validateLoginTestData"/>
  <testcase name="DataDrivenLoging" time="0.959" classname="TestScripts.validateLoginTestData"/>
  <testcase name="DataDrivenLoging" time="0.448" classname="TestScripts.validateLoginTestData"/>
</testsuite> <!-- TestScripts.validateLoginTestData -->
