<?xml version="1.0" encoding="UTF-8"?>
<!-- Generated by org.testng.reporters.JUnitReportReporter -->
<testsuite skipped="0" hostname="DESKTOP-43OTTAV" name="TestScripts.extendsPracticebaseClass2" tests="1" failures="0" timestamp="2022-01-17T12:05:25 EST" time="2.161" errors="0">
  <testcase name="EndtoEndTesting" time="2.161" classname="TestScripts.extendsPracticebaseClass2"/>
  <system-out/>
</testsuite> <!-- TestScripts.extendsPracticebaseClass2 -->
