<?xml version="1.0" encoding="UTF-8"?>
<!-- Generated by org.testng.reporters.JUnitReportReporter -->
<testsuite skipped="0" hostname="DESKTOP-43OTTAV" name="TestScripts.edgeDriverTesting" tests="1" failures="0" timestamp="2022-01-15T14:32:56 EST" time="4.899" errors="0">
  <testcase name="Elementdisplayed" time="4.899" classname="TestScripts.edgeDriverTesting"/>
  <system-out/>
</testsuite> <!-- TestScripts.edgeDriverTesting -->
