<?xml version="1.0" encoding="UTF-8"?>
<!-- Generated by org.testng.reporters.JUnitReportReporter -->
<testsuite skipped="0" hostname="DESKTOP-43OTTAV" name="TestScripts.validateLoginTestData" tests="4" failures="0" timestamp="2022-01-16T07:11:29 EST" time="10.724" errors="0">
  <testcase name="DataDrivenLoging" time="1.301" classname="TestScripts.validateLoginTestData"/>
  <system-out/>
  <testcase name="DataDrivenLoging" time="1.464" classname="TestScripts.validateLoginTestData"/>
  <system-out/>
  <testcase name="DataDrivenLoging" time="1.606" classname="TestScripts.validateLoginTestData"/>
  <system-out/>
  <testcase name="DataDrivenLoging" time="6.353" classname="TestScripts.validateLoginTestData"/>
  <system-out/>
</testsuite> <!-- TestScripts.validateLoginTestData -->
